<?xml version="1.0" encoding="UTF-8"?><testsuite errors="1" failures="0" name="com.restfulbooker.bookinginfo.BookingCRUDTestWithSteps" skipped="0" tests="1" time="0.0" timestamp="2023-06-05T13:49:43.988+01:00[Europe/London]"><testcase classname="com.restfulbooker.bookinginfo.BookingCRUDTestWithSteps" name="Initialisation"><error message="null" type="java.lang.NumberFormatException">null</error><system-err>null&#13;
com.restfulbooker.testbase.TestBase.init(TestBase.java:16)&#13;
</system-err></testcase></testsuite>