<?xml version="1.0" encoding="UTF-8"?><testsuite errors="0" failures="0" name="com.restfulbooker.bookinginfo.BookingCRUDTestWithSteps" skipped="0" tests="5" time="7.7" timestamp="2023-06-05T23:56:45.646+01:00[Europe/London]"><testcase classname="com.restfulbooker.bookinginfo.BookingCRUDTestWithSteps" name="This will create a new token"/><testcase classname="com.restfulbooker.bookinginfo.BookingCRUDTestWithSteps" name="This will create a new booking"/><testcase classname="com.restfulbooker.bookinginfo.BookingCRUDTestWithSteps" name="This will verify if the booking is added"/><testcase classname="com.restfulbooker.bookinginfo.BookingCRUDTestWithSteps" name="This will update the booking information and checking information updated"/><testcase classname="com.restfulbooker.bookinginfo.BookingCRUDTestWithSteps" name="This will delete the booking and verify the booking is deleted"/></testsuite>